START
20 20
1 U I
2 A I
3 U I
4 U I
5 A I
6 U I
7 U I
8 A I
9 U I
10 U I
11 A I
12 U I
13 A I
14 A I
15 U I
16 U I
17 U I
18 U I
19 U I
20 A I
0.0000000 999.8102964 999.8102964 999.8102964 999.8102964 999.8102964 999.8102964 999.8102964 999.8102964 999.8102964 999.8102964 999.8102964 999.8102964 999.8102964 999.8102964 999.8102964 999.8102964 999.8102964 999.8102964 999.8102964 
999.8102964 0.0000000 999.8102964 999.8102964 999.8102964 999.8102964 999.8102964 999.8102964 999.8102964 999.8102964 999.8102964 999.8102964 999.8102964 999.8102964 999.8102964 999.8102964 999.8102964 999.8102964 999.8102964 999.8102964 
999.8102964 999.8102964 0.0000000 999.8102964 999.8102964 999.8102964 999.8102964 999.8102964 999.8102964 999.8102964 999.8102964 999.8102964 999.8102964 999.8102964 999.8102964 999.8102964 999.8102964 999.8102964 999.8102964 999.8102964 
999.8102964 999.8102964 999.8102964 0.0000000 999.8102964 999.8102964 999.8102964 999.8102964 999.8102964 999.8102964 999.8102964 999.8102964 999.8102964 999.8102964 999.8102964 999.8102964 999.8102964 999.8102964 999.8102964 999.8102964 
999.8102964 999.8102964 999.8102964 999.8102964 0.0000000 999.8102964 999.8102964 999.8102964 999.8102964 999.8102964 999.8102964 999.8102964 999.8102964 999.8102964 999.8102964 999.8102964 999.8102964 999.8102964 999.8102964 999.8102964 
999.8102964 999.8102964 999.8102964 999.8102964 999.8102964 0.0000000 999.8102964 999.8102964 999.8102964 999.8102964 999.8102964 999.8102964 999.8102964 999.8102964 999.8102964 999.8102964 999.8102964 999.8102964 999.8102964 999.8102964 
999.8102964 999.8102964 999.8102964 999.8102964 999.8102964 999.8102964 0.0000000 999.8102964 999.8102964 999.8102964 999.8102964 999.8102964 999.8102964 999.8102964 999.8102964 999.8102964 999.8102964 999.8102964 999.8102964 999.8102964 
999.8102964 999.8102964 999.8102964 999.8102964 999.8102964 999.8102964 999.8102964 0.0000000 999.8102964 999.8102964 999.8102964 999.8102964 999.8102964 999.8102964 999.8102964 999.8102964 999.8102964 999.8102964 999.8102964 999.8102964 
999.8102964 999.8102964 999.8102964 999.8102964 999.8102964 999.8102964 999.8102964 999.8102964 0.0000000 999.8102964 999.8102964 999.8102964 999.8102964 999.8102964 999.8102964 999.8102964 999.8102964 999.8102964 999.8102964 999.8102964 
999.8102964 999.8102964 999.8102964 999.8102964 999.8102964 999.8102964 999.8102964 999.8102964 999.8102964 0.0000000 999.8102964 999.8102964 999.8102964 999.8102964 999.8102964 999.8102964 999.8102964 999.8102964 999.8102964 999.8102964 
999.8102964 999.8102964 999.8102964 999.8102964 999.8102964 999.8102964 999.8102964 999.8102964 999.8102964 999.8102964 0.0000000 999.8102964 999.8102964 999.8102964 999.8102964 999.8102964 999.8102964 999.8102964 999.8102964 999.8102964 
999.8102964 999.8102964 999.8102964 999.8102964 999.8102964 999.8102964 999.8102964 999.8102964 999.8102964 999.8102964 999.8102964 0.0000000 999.8102964 999.8102964 999.8102964 999.8102964 999.8102964 999.8102964 999.8102964 999.8102964 
999.8102964 999.8102964 999.8102964 999.8102964 999.8102964 999.8102964 999.8102964 999.8102964 999.8102964 999.8102964 999.8102964 999.8102964 0.0000000 999.8102964 999.8102964 999.8102964 999.8102964 999.8102964 999.8102964 999.8102964 
999.8102964 999.8102964 999.8102964 999.8102964 999.8102964 999.8102964 999.8102964 999.8102964 999.8102964 999.8102964 999.8102964 999.8102964 999.8102964 0.0000000 999.8102964 999.8102964 999.8102964 999.8102964 999.8102964 999.8102964 
999.8102964 999.8102964 999.8102964 999.8102964 999.8102964 999.8102964 999.8102964 999.8102964 999.8102964 999.8102964 999.8102964 999.8102964 999.8102964 999.8102964 0.0000000 999.8102964 999.8102964 999.8102964 999.8102964 999.8102964 
999.8102964 999.8102964 999.8102964 999.8102964 999.8102964 999.8102964 999.8102964 999.8102964 999.8102964 999.8102964 999.8102964 999.8102964 999.8102964 999.8102964 999.8102964 0.0000000 999.8102964 999.8102964 999.8102964 999.8102964 
999.8102964 999.8102964 999.8102964 999.8102964 999.8102964 999.8102964 999.8102964 999.8102964 999.8102964 999.8102964 999.8102964 999.8102964 999.8102964 999.8102964 999.8102964 999.8102964 0.0000000 999.8102964 999.8102964 999.8102964 
999.8102964 999.8102964 999.8102964 999.8102964 999.8102964 999.8102964 999.8102964 999.8102964 999.8102964 999.8102964 999.8102964 999.8102964 999.8102964 999.8102964 999.8102964 999.8102964 999.8102964 0.0000000 999.8102964 999.8102964 
999.8102964 999.8102964 999.8102964 999.8102964 999.8102964 999.8102964 999.8102964 999.8102964 999.8102964 999.8102964 999.8102964 999.8102964 999.8102964 999.8102964 999.8102964 999.8102964 999.8102964 999.8102964 0.0000000 999.8102964 
999.8102964 999.8102964 999.8102964 999.8102964 999.8102964 999.8102964 999.8102964 999.8102964 999.8102964 999.8102964 999.8102964 999.8102964 999.8102964 999.8102964 999.8102964 999.8102964 999.8102964 999.8102964 999.8102964 0.0000000 
END
